<?xml version="1.0" encoding="UTF-8"?>
<coverage generated="1590252186308" clover="3.2.0">
  <project timestamp="1590252186308" name="All files">
    <metrics statements="28" coveredstatements="28" conditionals="8" coveredconditionals="8" methods="9" coveredmethods="9" elements="45" coveredelements="45" complexity="0" loc="28" ncloc="28" packages="1" files="3" classes="3"/>
    <file name="app.js" path="/Users/peliculas/empresariales/testing-dojo/app.js">
      <metrics statements="8" coveredstatements="8" conditionals="0" coveredconditionals="0" methods="2" coveredmethods="2"/>
      <line num="1" count="1" type="stmt"/>
      <line num="2" count="1" type="stmt"/>
      <line num="3" count="1" type="stmt"/>
      <line num="5" count="1" type="stmt"/>
      <line num="6" count="1" type="stmt"/>
      <line num="10" count="1" type="stmt"/>
      <line num="11" count="1" type="stmt"/>
      <line num="18" count="1" type="stmt"/>
    </file>
    <file name="calculator.js" path="/Users/peliculas/empresariales/testing-dojo/calculator.js">
      <metrics statements="4" coveredstatements="4" conditionals="0" coveredconditionals="0" methods="2" coveredmethods="2"/>
      <line num="2" count="3" type="stmt"/>
      <line num="6" count="3" type="stmt"/>
      <line num="9" count="2" type="stmt"/>
      <line num="10" count="2" type="stmt"/>
    </file>
    <file name="codeBreaker.js" path="/Users/peliculas/empresariales/testing-dojo/codeBreaker.js">
      <metrics statements="16" coveredstatements="16" conditionals="8" coveredconditionals="8" methods="5" coveredmethods="5"/>
      <line num="5" count="1" type="stmt"/>
      <line num="9" count="1" type="stmt"/>
      <line num="13" count="5" type="stmt"/>
      <line num="14" count="5" type="stmt"/>
      <line num="15" count="20" type="cond" truecount="2" falsecount="0"/>
      <line num="16" count="14" type="cond" truecount="2" falsecount="0"/>
      <line num="17" count="7" type="stmt"/>
      <line num="19" count="7" type="stmt"/>
      <line num="23" count="5" type="stmt"/>
      <line num="27" count="22" type="cond" truecount="2" falsecount="0"/>
      <line num="28" count="15" type="stmt"/>
      <line num="30" count="7" type="stmt"/>
      <line num="35" count="17" type="cond" truecount="2" falsecount="0"/>
      <line num="36" count="9" type="stmt"/>
      <line num="38" count="8" type="stmt"/>
      <line num="43" count="1" type="stmt"/>
    </file>
  </project>
</coverage>
