<?xml version="1.0" encoding="UTF-8"?>
<coverage generated="1590255224589" clover="3.2.0">
  <project timestamp="1590255224589" name="All files">
    <metrics statements="65" coveredstatements="59" conditionals="8" coveredconditionals="8" methods="13" coveredmethods="13" elements="86" coveredelements="80" complexity="0" loc="65" ncloc="65" packages="1" files="3" classes="3"/>
    <file name="app.js" path="/Users/peliculas/empresariales/testing-dojo/app.js">
      <metrics statements="45" coveredstatements="39" conditionals="0" coveredconditionals="0" methods="6" coveredmethods="6"/>
      <line num="1" count="1" type="stmt"/>
      <line num="2" count="1" type="stmt"/>
      <line num="3" count="1" type="stmt"/>
      <line num="4" count="1" type="stmt"/>
      <line num="5" count="1" type="stmt"/>
      <line num="7" count="1" type="stmt"/>
      <line num="8" count="1" type="stmt"/>
      <line num="9" count="1" type="stmt"/>
      <line num="10" count="1" type="stmt"/>
      <line num="12" count="1" type="stmt"/>
      <line num="13" count="1" type="stmt"/>
      <line num="17" count="0" type="stmt"/>
      <line num="20" count="1" type="stmt"/>
      <line num="21" count="1" type="stmt"/>
      <line num="22" count="1" type="stmt"/>
      <line num="23" count="1" type="stmt"/>
      <line num="25" count="1" type="stmt"/>
      <line num="26" count="1" type="stmt"/>
      <line num="30" count="0" type="stmt"/>
      <line num="34" count="1" type="stmt"/>
      <line num="35" count="2" type="stmt"/>
      <line num="36" count="2" type="stmt"/>
      <line num="37" count="2" type="stmt"/>
      <line num="39" count="2" type="stmt"/>
      <line num="40" count="2" type="stmt"/>
      <line num="44" count="0" type="stmt"/>
      <line num="48" count="1" type="stmt"/>
      <line num="49" count="2" type="stmt"/>
      <line num="50" count="2" type="stmt"/>
      <line num="52" count="2" type="stmt"/>
      <line num="53" count="2" type="stmt"/>
      <line num="57" count="0" type="stmt"/>
      <line num="61" count="1" type="stmt"/>
      <line num="62" count="4" type="stmt"/>
      <line num="63" count="4" type="stmt"/>
      <line num="65" count="4" type="stmt"/>
      <line num="66" count="4" type="stmt"/>
      <line num="70" count="0" type="stmt"/>
      <line num="73" count="1" type="stmt"/>
      <line num="74" count="1" type="stmt"/>
      <line num="75" count="1" type="stmt"/>
      <line num="77" count="1" type="stmt"/>
      <line num="78" count="1" type="stmt"/>
      <line num="80" count="0" type="stmt"/>
      <line num="84" count="1" type="stmt"/>
    </file>
    <file name="calculator.js" path="/Users/peliculas/empresariales/testing-dojo/calculator.js">
      <metrics statements="4" coveredstatements="4" conditionals="0" coveredconditionals="0" methods="2" coveredmethods="2"/>
      <line num="2" count="3" type="stmt"/>
      <line num="6" count="3" type="stmt"/>
      <line num="9" count="2" type="stmt"/>
      <line num="10" count="2" type="stmt"/>
    </file>
    <file name="codeBreaker.js" path="/Users/peliculas/empresariales/testing-dojo/codeBreaker.js">
      <metrics statements="16" coveredstatements="16" conditionals="8" coveredconditionals="8" methods="5" coveredmethods="5"/>
      <line num="5" count="2" type="stmt"/>
      <line num="9" count="2" type="stmt"/>
      <line num="13" count="9" type="stmt"/>
      <line num="14" count="9" type="stmt"/>
      <line num="15" count="36" type="cond" truecount="2" falsecount="0"/>
      <line num="16" count="25" type="cond" truecount="2" falsecount="0"/>
      <line num="17" count="13" type="stmt"/>
      <line num="19" count="12" type="stmt"/>
      <line num="23" count="9" type="stmt"/>
      <line num="27" count="40" type="cond" truecount="2" falsecount="0"/>
      <line num="28" count="27" type="stmt"/>
      <line num="30" count="13" type="stmt"/>
      <line num="35" count="30" type="cond" truecount="2" falsecount="0"/>
      <line num="36" count="16" type="stmt"/>
      <line num="38" count="14" type="stmt"/>
      <line num="43" count="2" type="stmt"/>
    </file>
  </project>
</coverage>
