{"/Users/peliculas/empresariales/testing-dojo/app.js": {"path":"/Users/peliculas/empresariales/testing-dojo/app.js","statementMap":{"0":{"start":{"line":1,"column":16},"end":{"line":1,"column":34}},"1":{"start":{"line":2,"column":12},"end":{"line":2,"column":21}},"2":{"start":{"line":3,"column":12},"end":{"line":3,"column":35}},"3":{"start":{"line":4,"column":20},"end":{"line":4,"column":44}},"4":{"start":{"line":5,"column":11},"end":{"line":5,"column":34}},"5":{"start":{"line":7,"column":0},"end":{"line":19,"column":3}},"6":{"start":{"line":8,"column":2},"end":{"line":18,"column":3}},"7":{"start":{"line":9,"column":19},"end":{"line":9,"column":45}},"8":{"start":{"line":10,"column":19},"end":{"line":10,"column":45}},"9":{"start":{"line":12,"column":16},"end":{"line":12,"column":45}},"10":{"start":{"line":13,"column":4},"end":{"line":15,"column":7}},"11":{"start":{"line":17,"column":4},"end":{"line":17,"column":16}},"12":{"start":{"line":20,"column":0},"end":{"line":32,"column":3}},"13":{"start":{"line":21,"column":2},"end":{"line":31,"column":3}},"14":{"start":{"line":22,"column":19},"end":{"line":22,"column":45}},"15":{"start":{"line":23,"column":19},"end":{"line":23,"column":45}},"16":{"start":{"line":25,"column":16},"end":{"line":25,"column":51}},"17":{"start":{"line":26,"column":4},"end":{"line":28,"column":7}},"18":{"start":{"line":30,"column":4},"end":{"line":30,"column":16}},"19":{"start":{"line":34,"column":0},"end":{"line":46,"column":3}},"20":{"start":{"line":35,"column":2},"end":{"line":45,"column":3}},"21":{"start":{"line":36,"column":18},"end":{"line":36,"column":43}},"22":{"start":{"line":37,"column":21},"end":{"line":37,"column":49}},"23":{"start":{"line":39,"column":25},"end":{"line":39,"column":63}},"24":{"start":{"line":40,"column":4},"end":{"line":42,"column":7}},"25":{"start":{"line":44,"column":4},"end":{"line":44,"column":16}},"26":{"start":{"line":48,"column":0},"end":{"line":59,"column":3}},"27":{"start":{"line":49,"column":2},"end":{"line":58,"column":3}},"28":{"start":{"line":50,"column":18},"end":{"line":50,"column":43}},"29":{"start":{"line":52,"column":20},"end":{"line":52,"column":43}},"30":{"start":{"line":53,"column":4},"end":{"line":55,"column":7}},"31":{"start":{"line":57,"column":4},"end":{"line":57,"column":16}},"32":{"start":{"line":61,"column":0},"end":{"line":72,"column":3}},"33":{"start":{"line":62,"column":2},"end":{"line":71,"column":3}},"34":{"start":{"line":63,"column":18},"end":{"line":63,"column":33}},"35":{"start":{"line":65,"column":18},"end":{"line":65,"column":39}},"36":{"start":{"line":66,"column":4},"end":{"line":68,"column":7}},"37":{"start":{"line":70,"column":4},"end":{"line":70,"column":16}},"38":{"start":{"line":73,"column":0},"end":{"line":82,"column":3}},"39":{"start":{"line":74,"column":2},"end":{"line":81,"column":3}},"40":{"start":{"line":75,"column":18},"end":{"line":75,"column":33}},"41":{"start":{"line":77,"column":4},"end":{"line":77,"column":30}},"42":{"start":{"line":78,"column":4},"end":{"line":78,"column":27}},"43":{"start":{"line":80,"column":4},"end":{"line":80,"column":16}},"44":{"start":{"line":84,"column":0},"end":{"line":84,"column":21}}},"fnMap":{"0":{"name":"(anonymous_0)","decl":{"start":{"line":7,"column":27},"end":{"line":7,"column":28}},"loc":{"start":{"line":7,"column":47},"end":{"line":19,"column":1}},"line":7},"1":{"name":"(anonymous_1)","decl":{"start":{"line":20,"column":27},"end":{"line":20,"column":28}},"loc":{"start":{"line":20,"column":47},"end":{"line":32,"column":1}},"line":20},"2":{"name":"(anonymous_2)","decl":{"start":{"line":34,"column":37},"end":{"line":34,"column":38}},"loc":{"start":{"line":34,"column":57},"end":{"line":46,"column":1}},"line":34},"3":{"name":"(anonymous_3)","decl":{"start":{"line":48,"column":32},"end":{"line":48,"column":33}},"loc":{"start":{"line":48,"column":52},"end":{"line":59,"column":1}},"line":48},"4":{"name":"(anonymous_4)","decl":{"start":{"line":61,"column":30},"end":{"line":61,"column":31}},"loc":{"start":{"line":61,"column":50},"end":{"line":72,"column":1}},"line":61},"5":{"name":"(anonymous_5)","decl":{"start":{"line":73,"column":34},"end":{"line":73,"column":35}},"loc":{"start":{"line":73,"column":54},"end":{"line":82,"column":1}},"line":73}},"branchMap":{},"s":{"0":1,"1":1,"2":1,"3":1,"4":1,"5":1,"6":1,"7":1,"8":1,"9":1,"10":1,"11":0,"12":1,"13":1,"14":1,"15":1,"16":1,"17":1,"18":0,"19":1,"20":2,"21":2,"22":2,"23":2,"24":2,"25":0,"26":1,"27":2,"28":2,"29":2,"30":2,"31":0,"32":1,"33":4,"34":4,"35":4,"36":4,"37":0,"38":1,"39":1,"40":1,"41":1,"42":1,"43":0,"44":1},"f":{"0":1,"1":1,"2":2,"3":2,"4":4,"5":1},"b":{},"_coverageSchema":"1a1c01bbd47fc00a2c39e90264f33305004495a9","hash":"9905d98037f5a5e7c652d89b87613d6f233d8540"}
,"/Users/peliculas/empresariales/testing-dojo/calculator.js": {"path":"/Users/peliculas/empresariales/testing-dojo/calculator.js","statementMap":{"0":{"start":{"line":2,"column":2},"end":{"line":2,"column":15}},"1":{"start":{"line":6,"column":2},"end":{"line":6,"column":15}},"2":{"start":{"line":9,"column":0},"end":{"line":9,"column":25}},"3":{"start":{"line":10,"column":0},"end":{"line":10,"column":37}}},"fnMap":{"0":{"name":"add","decl":{"start":{"line":1,"column":9},"end":{"line":1,"column":12}},"loc":{"start":{"line":1,"column":19},"end":{"line":3,"column":1}},"line":1},"1":{"name":"substract","decl":{"start":{"line":5,"column":9},"end":{"line":5,"column":18}},"loc":{"start":{"line":5,"column":25},"end":{"line":7,"column":1}},"line":5}},"branchMap":{},"s":{"0":3,"1":3,"2":2,"3":2},"f":{"0":3,"1":3},"b":{},"_coverageSchema":"1a1c01bbd47fc00a2c39e90264f33305004495a9","hash":"4b849e9c7160de2c6768d56e49326f6e9591eb18"}
,"/Users/peliculas/empresariales/testing-dojo/codeBreaker.js": {"path":"/Users/peliculas/empresariales/testing-dojo/codeBreaker.js","statementMap":{"0":{"start":{"line":5,"column":4},"end":{"line":5,"column":28}},"1":{"start":{"line":9,"column":4},"end":{"line":9,"column":24}},"2":{"start":{"line":13,"column":19},"end":{"line":13,"column":21}},"3":{"start":{"line":14,"column":4},"end":{"line":22,"column":5}},"4":{"start":{"line":14,"column":17},"end":{"line":14,"column":18}},"5":{"start":{"line":15,"column":6},"end":{"line":21,"column":7}},"6":{"start":{"line":16,"column":8},"end":{"line":20,"column":9}},"7":{"start":{"line":17,"column":10},"end":{"line":17,"column":36}},"8":{"start":{"line":19,"column":10},"end":{"line":19,"column":36}},"9":{"start":{"line":23,"column":4},"end":{"line":23,"column":20}},"10":{"start":{"line":27,"column":4},"end":{"line":31,"column":5}},"11":{"start":{"line":28,"column":6},"end":{"line":28,"column":18}},"12":{"start":{"line":30,"column":6},"end":{"line":30,"column":19}},"13":{"start":{"line":35,"column":4},"end":{"line":39,"column":5}},"14":{"start":{"line":36,"column":6},"end":{"line":36,"column":18}},"15":{"start":{"line":38,"column":6},"end":{"line":38,"column":19}},"16":{"start":{"line":43,"column":0},"end":{"line":43,"column":29}}},"fnMap":{"0":{"name":"(anonymous_0)","decl":{"start":{"line":4,"column":2},"end":{"line":4,"column":3}},"loc":{"start":{"line":4,"column":25},"end":{"line":6,"column":3}},"line":4},"1":{"name":"(anonymous_1)","decl":{"start":{"line":8,"column":2},"end":{"line":8,"column":3}},"loc":{"start":{"line":8,"column":19},"end":{"line":10,"column":3}},"line":8},"2":{"name":"(anonymous_2)","decl":{"start":{"line":12,"column":2},"end":{"line":12,"column":3}},"loc":{"start":{"line":12,"column":15},"end":{"line":24,"column":3}},"line":12},"3":{"name":"(anonymous_3)","decl":{"start":{"line":26,"column":2},"end":{"line":26,"column":3}},"loc":{"start":{"line":26,"column":17},"end":{"line":32,"column":3}},"line":26},"4":{"name":"(anonymous_4)","decl":{"start":{"line":34,"column":2},"end":{"line":34,"column":3}},"loc":{"start":{"line":34,"column":32},"end":{"line":40,"column":3}},"line":34}},"branchMap":{"0":{"loc":{"start":{"line":15,"column":6},"end":{"line":21,"column":7}},"type":"if","locations":[{"start":{"line":15,"column":6},"end":{"line":21,"column":7}},{"start":{"line":15,"column":6},"end":{"line":21,"column":7}}],"line":15},"1":{"loc":{"start":{"line":16,"column":8},"end":{"line":20,"column":9}},"type":"if","locations":[{"start":{"line":16,"column":8},"end":{"line":20,"column":9}},{"start":{"line":16,"column":8},"end":{"line":20,"column":9}}],"line":16},"2":{"loc":{"start":{"line":27,"column":4},"end":{"line":31,"column":5}},"type":"if","locations":[{"start":{"line":27,"column":4},"end":{"line":31,"column":5}},{"start":{"line":27,"column":4},"end":{"line":31,"column":5}}],"line":27},"3":{"loc":{"start":{"line":35,"column":4},"end":{"line":39,"column":5}},"type":"if","locations":[{"start":{"line":35,"column":4},"end":{"line":39,"column":5}},{"start":{"line":35,"column":4},"end":{"line":39,"column":5}}],"line":35}},"s":{"0":2,"1":2,"2":9,"3":9,"4":9,"5":36,"6":25,"7":13,"8":12,"9":9,"10":40,"11":27,"12":13,"13":30,"14":16,"15":14,"16":2},"f":{"0":2,"1":2,"2":9,"3":40,"4":30},"b":{"0":[25,11],"1":[13,12],"2":[27,13],"3":[16,14]},"_coverageSchema":"1a1c01bbd47fc00a2c39e90264f33305004495a9","hash":"2bf858514bd8240951db70cc43e04bf0e087bf56"}
}
