TN:
SF:calculator.js
FN:1,add
FN:5,substract
FNF:2
FNH:2
FNDA:2,add
FNDA:2,substract
DA:2,2
DA:6,2
DA:9,1
DA:10,1
LF:4
LH:4
BRF:0
BRH:0
end_of_record
TN:
SF:codeBreaker.js
FN:2,(anonymous_0)
FN:6,(anonymous_1)
FN:10,(anonymous_2)
FN:24,(anonymous_3)
FN:32,(anonymous_4)
FNF:5
FNH:5
FNDA:1,(anonymous_0)
FNDA:1,(anonymous_1)
FNDA:5,(anonymous_2)
FNDA:22,(anonymous_3)
FNDA:17,(anonymous_4)
DA:3,1
DA:7,1
DA:11,5
DA:12,5
DA:13,20
DA:14,14
DA:15,7
DA:17,7
DA:21,5
DA:25,22
DA:26,15
DA:28,7
DA:33,17
DA:34,9
DA:36,8
DA:41,1
LF:16
LH:16
BRDA:13,0,0,14
BRDA:13,0,1,6
BRDA:14,1,0,7
BRDA:14,1,1,7
BRDA:25,2,0,15
BRDA:25,2,1,7
BRDA:33,3,0,9
BRDA:33,3,1,8
BRF:8
BRH:8
end_of_record
