TN:
SF:app.js
FN:7,(anonymous_0)
FN:20,(anonymous_1)
FN:34,(anonymous_2)
FN:48,(anonymous_3)
FN:61,(anonymous_4)
FN:73,(anonymous_5)
FNF:6
FNH:6
FNDA:1,(anonymous_0)
FNDA:1,(anonymous_1)
FNDA:2,(anonymous_2)
FNDA:2,(anonymous_3)
FNDA:4,(anonymous_4)
FNDA:1,(anonymous_5)
DA:1,1
DA:2,1
DA:3,1
DA:4,1
DA:5,1
DA:7,1
DA:8,1
DA:9,1
DA:10,1
DA:12,1
DA:13,1
DA:17,0
DA:20,1
DA:21,1
DA:22,1
DA:23,1
DA:25,1
DA:26,1
DA:30,0
DA:34,1
DA:35,2
DA:36,2
DA:37,2
DA:39,2
DA:40,2
DA:44,0
DA:48,1
DA:49,2
DA:50,2
DA:52,2
DA:53,2
DA:57,0
DA:61,1
DA:62,4
DA:63,4
DA:65,4
DA:66,4
DA:70,0
DA:73,1
DA:74,1
DA:75,1
DA:77,1
DA:78,1
DA:80,0
DA:84,1
LF:45
LH:39
BRF:0
BRH:0
end_of_record
TN:
SF:calculator.js
FN:1,add
FN:5,substract
FNF:2
FNH:2
FNDA:3,add
FNDA:3,substract
DA:2,3
DA:6,3
DA:9,2
DA:10,2
LF:4
LH:4
BRF:0
BRH:0
end_of_record
TN:
SF:codeBreaker.js
FN:4,(anonymous_0)
FN:8,(anonymous_1)
FN:12,(anonymous_2)
FN:26,(anonymous_3)
FN:34,(anonymous_4)
FNF:5
FNH:5
FNDA:2,(anonymous_0)
FNDA:2,(anonymous_1)
FNDA:9,(anonymous_2)
FNDA:40,(anonymous_3)
FNDA:30,(anonymous_4)
DA:5,2
DA:9,2
DA:13,9
DA:14,9
DA:15,36
DA:16,25
DA:17,13
DA:19,12
DA:23,9
DA:27,40
DA:28,27
DA:30,13
DA:35,30
DA:36,16
DA:38,14
DA:43,2
LF:16
LH:16
BRDA:15,0,0,25
BRDA:15,0,1,11
BRDA:16,1,0,13
BRDA:16,1,1,12
BRDA:27,2,0,27
BRDA:27,2,1,13
BRDA:35,3,0,16
BRDA:35,3,1,14
BRF:8
BRH:8
end_of_record
